#
# There is insufficient memory for the Java Runtime Environment to continue.
# Native memory allocation (mmap) failed to map 67108864 bytes for committing reserved memory.
# Possible reasons:
#   The system is out of physical RAM or swap space
#   In 32 bit mode, the process size limit was hit
# Possible solutions:
#   Reduce memory load on the system
#   Increase physical memory or swap space
#   Check if swap backing store is full
#   Use 64 bit Java on a 64 bit OS
#   Decrease Java heap size (-Xmx/-Xms)
#   Decrease number of Java threads
#   Decrease Java thread stack sizes (-Xss)
#   Set larger code cache with -XX:ReservedCodeCacheSize=
# This output file may be truncated or incomplete.
#
#  Out of Memory Error (os_linux.cpp:2640), pid=7362, tid=0x00007f58b5f20700
#
# JRE version: Java(TM) SE Runtime Environment (8.0_172-b11) (build 1.8.0_172-b11)
# Java VM: Java HotSpot(TM) 64-Bit Server VM (25.172-b11 mixed mode linux-amd64 compressed oops)
# Failed to write core dump. Core dumps have been disabled. To enable core dumping, try "ulimit -c unlimited" before starting Java again
#

---------------  T H R E A D  ---------------

Current thread (0x00007f58c8079000):  VMThread [stack: 0x00007f58b5e21000,0x00007f58b5f21000] [id=7379]

Stack: [0x00007f58b5e21000,0x00007f58b5f21000],  sp=0x00007f58b5f1efc0,  free space=1015k
Native frames: (J=compiled Java code, j=interpreted, Vv=VM code, C=native code)
V  [libjvm.so+0xad221a]  VMError::report_and_die()+0x2ba
V  [libjvm.so+0x50185b]  report_vm_out_of_memory(char const*, int, unsigned long, VMErrorType, char const*)+0x8b
V  [libjvm.so+0x92fee3]  os::Linux::commit_memory_impl(char*, unsigned long, bool)+0x123
V  [libjvm.so+0x930109]  os::pd_commit_memory(char*, unsigned long, unsigned long, bool)+0x29
V  [libjvm.so+0x9273ca]  os::commit_memory(char*, unsigned long, unsigned long, bool)+0x2a
V  [libjvm.so+0x99d363]  PSVirtualSpace::expand_by(unsigned long)+0x53
V  [libjvm.so+0x99e768]  PSYoungGen::resize_generation(unsigned long, unsigned long)+0xf8
V  [libjvm.so+0x99d8c2]  PSYoungGen::resize(unsigned long, unsigned long)+0x22
V  [libjvm.so+0x99ab9b]  PSScavenge::invoke_no_policy()+0xf3b
V  [libjvm.so+0x99b321]  PSScavenge::invoke()+0x41
V  [libjvm.so+0x951df0]  ParallelScavengeHeap::failed_mem_allocate(unsigned long)+0x70
V  [libjvm.so+0xad3c97]  VM_ParallelGCFailedAllocation::doit()+0x97
V  [libjvm.so+0xadb7b5]  VM_Operation::evaluate()+0x55
V  [libjvm.so+0xad9b7a]  VMThread::evaluate_operation(VM_Operation*)+0xba
V  [libjvm.so+0xad9efe]  VMThread::loop()+0x1ce
V  [libjvm.so+0xada370]  VMThread::run()+0x70
V  [libjvm.so+0x930248]  java_start(Thread*)+0x108

VM_Operation (0x00007f58d039d510): ParallelGCFailedAllocation, mode: safepoint, requested by thread 0x00007f58c800b800


---------------  P R O C E S S  ---------------

Java Threads: ( => current thread )
  0x00007f58c80c2000 JavaThread "Service Thread" daemon [_thread_blocked, id=7386, stack(0x00007f58b4d4a000,0x00007f58b4e4b000)]
  0x00007f58c80bf800 JavaThread "C1 CompilerThread2" daemon [_thread_blocked, id=7385, stack(0x00007f58b4e4c000,0x00007f58b4f4c000)]
  0x00007f58c80bd800 JavaThread "C2 CompilerThread1" daemon [_thread_blocked, id=7384, stack(0x00007f58b4f4d000,0x00007f58b504d000)]
  0x00007f58c80ba800 JavaThread "C2 CompilerThread0" daemon [_thread_blocked, id=7383, stack(0x00007f58b504e000,0x00007f58b514e000)]
  0x00007f58c80b9000 JavaThread "Signal Dispatcher" daemon [_thread_blocked, id=7382, stack(0x00007f58b514e000,0x00007f58b524f000)]
  0x00007f58c8085800 JavaThread "Finalizer" daemon [_thread_blocked, id=7381, stack(0x00007f58b5c1e000,0x00007f58b5d1f000)]
  0x00007f58c8083000 JavaThread "Reference Handler" daemon [_thread_blocked, id=7380, stack(0x00007f58b5d1f000,0x00007f58b5e20000)]
  0x00007f58c800b800 JavaThread "main" [_thread_blocked, id=7374, stack(0x00007f58d02a2000,0x00007f58d03a2000)]

Other Threads:
=>0x00007f58c8079000 VMThread [stack: 0x00007f58b5e21000,0x00007f58b5f21000] [id=7379]
  0x00007f58c80c7000 WatcherThread [stack: 0x00007f58b4c4a000,0x00007f58b4d4a000] [id=7387]

VM state:at safepoint (normal execution)

VM Mutex/Monitor currently owned by a thread:  ([mutex/lock_event])
[0x00007f58c8007be0] Threads_lock - owner thread: 0x00007f58c8079000
[0x00007f58c80080e0] Heap_lock - owner thread: 0x00007f58c800b800

Heap:
 PSYoungGen      total 68608K, used 7162K [0x00000000ec780000, 0x00000000f1180000, 0x0000000100000000)
  eden space 61440K, 0% used [0x00000000ec780000,0x00000000ec780000,0x00000000f0380000)
  from space 7168K, 99% used [0x00000000f0380000,0x00000000f0a7e978,0x00000000f0a80000)
  to   space 6656K, 0% used [0x00000000f0b00000,0x00000000f0b00000,0x00000000f1180000)
 ParOldGen       total 40960K, used 11369K [0x00000000c5600000, 0x00000000c7e00000, 0x00000000ec780000)
  object space 40960K, 27% used [0x00000000c5600000,0x00000000c611a730,0x00000000c7e00000)
 Metaspace       used 19591K, capacity 20120K, committed 20352K, reserved 1067008K
  class space    used 2370K, capacity 2574K, committed 2688K, reserved 1048576K

Card table byte_map: [0x00007f58ccd90000,0x00007f58ccf66000] byte_map_base: 0x00007f58cc765000

Marking Bits: (ParMarkBitMap*) 0x00007f58cf738de0
 Begin Bits: [0x00007f58b72b0000, 0x00007f58b8158000)
 End Bits:   [0x00007f58b8158000, 0x00007f58b9000000)

Polling page: 0x00007f58d03b6000

CodeCache: size=245760Kb used=9132Kb max_used=9152Kb free=236627Kb
 bounds [0x00007f58b9000000, 0x00007f58b9900000, 0x00007f58c8000000]
 total_blobs=3370 nmethods=2997 adapters=287
 compilation: enabled

Compilation events (10 events):
Event: 32.167 Thread 0x00007f58c80bf800 nmethod 3205 0x00007f58b98edc50 code [0x00007f58b98ede20, 0x00007f58b98ee488]
Event: 32.548 Thread 0x00007f58c80bf800 3206       3       org.apache.maven.model.Parent::setVersion (6 bytes)
Event: 32.574 Thread 0x00007f58c80ba800 nmethod 3184 0x00007f58b98f2210 code [0x00007f58b98f2360, 0x00007f58b98f2798]
Event: 32.574 Thread 0x00007f58c80bd800 nmethod 3195 0x00007f58b98ed610 code [0x00007f58b98ed760, 0x00007f58b98edab8]
Event: 32.584 Thread 0x00007f58c80bd800 3178       4       java.util.LinkedHashMap$LinkedValueIterator::next (8 bytes)
Event: 32.584 Thread 0x00007f58c80ba800 3207       4       java.lang.String::endsWith (17 bytes)
Event: 32.689 Thread 0x00007f58c80bf800 nmethod 3206 0x00007f58b98f1ed0 code [0x00007f58b98f2020, 0x00007f58b98f2190]
Event: 32.704 Thread 0x00007f58c80bf800 3208       3       org.apache.maven.model.IssueManagement::getLocation (25 bytes)
Event: 32.747 Thread 0x00007f58c80bf800 nmethod 3208 0x00007f58b98f1910 code [0x00007f58b98f1aa0, 0x00007f58b98f1e08]
Event: 32.747 Thread 0x00007f58c80bf800 3209       3       org.apache.maven.model.IssueManagement::setLocation (35 bytes)

GC Heap History (10 events):
Event: 2.377 GC heap after
Heap after GC invocations=2 (full 0):
 PSYoungGen      total 17920K, used 2443K [0x00000000ec780000, 0x00000000eea80000, 0x0000000100000000)
  eden space 15360K, 0% used [0x00000000ec780000,0x00000000ec780000,0x00000000ed680000)
  from space 2560K, 95% used [0x00000000ed900000,0x00000000edb62fa0,0x00000000edb80000)
  to   space 2560K, 0% used [0x00000000ed680000,0x00000000ed680000,0x00000000ed900000)
 ParOldGen       total 40960K, used 1113K [0x00000000c5600000, 0x00000000c7e00000, 0x00000000ec780000)
  object space 40960K, 2% used [0x00000000c5600000,0x00000000c5716440,0x00000000c7e00000)
 Metaspace       used 7942K, capacity 8136K, committed 8320K, reserved 1056768K
  class space    used 994K, capacity 1052K, committed 1152K, reserved 1048576K
}
Event: 2.757 GC heap before
{Heap before GC invocations=3 (full 0):
 PSYoungGen      total 17920K, used 17803K [0x00000000ec780000, 0x00000000eea80000, 0x0000000100000000)
  eden space 15360K, 100% used [0x00000000ec780000,0x00000000ed680000,0x00000000ed680000)
  from space 2560K, 95% used [0x00000000ed900000,0x00000000edb62fa0,0x00000000edb80000)
  to   space 2560K, 0% used [0x00000000ed680000,0x00000000ed680000,0x00000000ed900000)
 ParOldGen       total 40960K, used 1113K [0x00000000c5600000, 0x00000000c7e00000, 0x00000000ec780000)
  object space 40960K, 2% used [0x00000000c5600000,0x00000000c5716440,0x00000000c7e00000)
 Metaspace       used 9854K, capacity 10050K, committed 10368K, reserved 1058816K
  class space    used 1227K, capacity 1283K, committed 1408K, reserved 1048576K
Event: 2.765 GC heap after
Heap after GC invocations=3 (full 0):
 PSYoungGen      total 17920K, used 2546K [0x00000000ec780000, 0x00000000eea80000, 0x0000000100000000)
  eden space 15360K, 0% used [0x00000000ec780000,0x00000000ec780000,0x00000000ed680000)
  from space 2560K, 99% used [0x00000000ed680000,0x00000000ed8fc838,0x00000000ed900000)
  to   space 2560K, 0% used [0x00000000ee800000,0x00000000ee800000,0x00000000eea80000)
 ParOldGen       total 40960K, used 2907K [0x00000000c5600000, 0x00000000c7e00000, 0x00000000ec780000)
  object space 40960K, 7% used [0x00000000c5600000,0x00000000c58d6d98,0x00000000c7e00000)
 Metaspace       used 9854K, capacity 10050K, committed 10368K, reserved 1058816K
  class space    used 1227K, capacity 1283K, committed 1408K, reserved 1048576K
}
Event: 3.199 GC heap before
{Heap before GC invocations=4 (full 0):
 PSYoungGen      total 17920K, used 17906K [0x00000000ec780000, 0x00000000eea80000, 0x0000000100000000)
  eden space 15360K, 100% used [0x00000000ec780000,0x00000000ed680000,0x00000000ed680000)
  from space 2560K, 99% used [0x00000000ed680000,0x00000000ed8fc838,0x00000000ed900000)
  to   space 2560K, 0% used [0x00000000ee800000,0x00000000ee800000,0x00000000eea80000)
 ParOldGen       total 40960K, used 2907K [0x00000000c5600000, 0x00000000c7e00000, 0x00000000ec780000)
  object space 40960K, 7% used [0x00000000c5600000,0x00000000c58d6d98,0x00000000c7e00000)
 Metaspace       used 11830K, capacity 12072K, committed 12416K, reserved 1060864K
  class space    used 1496K, capacity 1611K, committed 1664K, reserved 1048576K
Event: 3.216 GC heap after
Heap after GC invocations=4 (full 0):
 PSYoungGen      total 33280K, used 2544K [0x00000000ec780000, 0x00000000eea80000, 0x0000000100000000)
  eden space 30720K, 0% used [0x00000000ec780000,0x00000000ec780000,0x00000000ee580000)
  from space 2560K, 99% used [0x00000000ee800000,0x00000000eea7c030,0x00000000eea80000)
  to   space 2560K, 0% used [0x00000000ee580000,0x00000000ee580000,0x00000000ee800000)
 ParOldGen       total 40960K, used 5418K [0x00000000c5600000, 0x00000000c7e00000, 0x00000000ec780000)
  object space 40960K, 13% used [0x00000000c5600000,0x00000000c5b4a8a0,0x00000000c7e00000)
 Metaspace       used 11830K, capacity 12072K, committed 12416K, reserved 1060864K
  class space    used 1496K, capacity 1611K, committed 1664K, reserved 1048576K
}
Event: 5.375 GC heap before
{Heap before GC invocations=5 (full 0):
 PSYoungGen      total 33280K, used 33264K [0x00000000ec780000, 0x00000000eea80000, 0x0000000100000000)
  eden space 30720K, 100% used [0x00000000ec780000,0x00000000ee580000,0x00000000ee580000)
  from space 2560K, 99% used [0x00000000ee800000,0x00000000eea7c030,0x00000000eea80000)
  to   space 2560K, 0% used [0x00000000ee580000,0x00000000ee580000,0x00000000ee800000)
 ParOldGen       total 40960K, used 5418K [0x00000000c5600000, 0x00000000c7e00000, 0x00000000ec780000)
  object space 40960K, 13% used [0x00000000c5600000,0x00000000c5b4a8a0,0x00000000c7e00000)
 Metaspace       used 14922K, capacity 15198K, committed 15488K, reserved 1062912K
  class space    used 1836K, capacity 1916K, committed 1920K, reserved 1048576K
Event: 5.516 GC heap after
Heap after GC invocations=5 (full 0):
 PSYoungGen      total 33280K, used 2560K [0x00000000ec780000, 0x00000000f1280000, 0x0000000100000000)
  eden space 30720K, 0% used [0x00000000ec780000,0x00000000ec780000,0x00000000ee580000)
  from space 2560K, 100% used [0x00000000ee580000,0x00000000ee800000,0x00000000ee800000)
  to   space 7680K, 0% used [0x00000000f0b00000,0x00000000f0b00000,0x00000000f1280000)
 ParOldGen       total 40960K, used 9264K [0x00000000c5600000, 0x00000000c7e00000, 0x00000000ec780000)
  object space 40960K, 22% used [0x00000000c5600000,0x00000000c5f0c3e8,0x00000000c7e00000)
 Metaspace       used 14922K, capacity 15198K, committed 15488K, reserved 1062912K
  class space    used 1836K, capacity 1916K, committed 1920K, reserved 1048576K
}
Event: 7.342 GC heap before
{Heap before GC invocations=6 (full 0):
 PSYoungGen      total 33280K, used 33280K [0x00000000ec780000, 0x00000000f1280000, 0x0000000100000000)
  eden space 30720K, 100% used [0x00000000ec780000,0x00000000ee580000,0x00000000ee580000)
  from space 2560K, 100% used [0x00000000ee580000,0x00000000ee800000,0x00000000ee800000)
  to   space 7680K, 0% used [0x00000000f0b00000,0x00000000f0b00000,0x00000000f1280000)
 ParOldGen       total 40960K, used 9264K [0x00000000c5600000, 0x00000000c7e00000, 0x00000000ec780000)
  object space 40960K, 22% used [0x00000000c5600000,0x00000000c5f0c3e8,0x00000000c7e00000)
 Metaspace       used 15812K, capacity 16232K, committed 16384K, reserved 1062912K
  class space    used 1929K, capacity 2023K, committed 2048K, reserved 1048576K
Event: 7.394 GC heap after
Heap after GC invocations=6 (full 0):
 PSYoungGen      total 68096K, used 5072K [0x00000000ec780000, 0x00000000f1180000, 0x0000000100000000)
  eden space 61440K, 0% used [0x00000000ec780000,0x00000000ec780000,0x00000000f0380000)
  from space 6656K, 76% used [0x00000000f0b00000,0x00000000f0ff4010,0x00000000f1180000)
  to   space 7168K, 0% used [0x00000000f0380000,0x00000000f0380000,0x00000000f0a80000)
 ParOldGen       total 40960K, used 9272K [0x00000000c5600000, 0x00000000c7e00000, 0x00000000ec780000)
  object space 40960K, 22% used [0x00000000c5600000,0x00000000c5f0e3e8,0x00000000c7e00000)
 Metaspace       used 15812K, capacity 16232K, committed 16384K, reserved 1062912K
  class space    used 1929K, capacity 2023K, committed 2048K, reserved 1048576K
}
Event: 32.755 GC heap before
{Heap before GC invocations=7 (full 0):
 PSYoungGen      total 68096K, used 66512K [0x00000000ec780000, 0x00000000f1180000, 0x0000000100000000)
  eden space 61440K, 100% used [0x00000000ec780000,0x00000000f0380000,0x00000000f0380000)
  from space 6656K, 76% used [0x00000000f0b00000,0x00000000f0ff4010,0x00000000f1180000)
  to   space 7168K, 0% used [0x00000000f0380000,0x00000000f0380000,0x00000000f0a80000)
 ParOldGen       total 40960K, used 9272K [0x00000000c5600000, 0x00000000c7e00000, 0x00000000ec780000)
  object space 40960K, 22% used [0x00000000c5600000,0x00000000c5f0e3e8,0x00000000c7e00000)
 Metaspace       used 19591K, capacity 20120K, committed 20352K, reserved 1067008K
  class space    used 2370K, capacity 2574K, committed 2688K, reserved 1048576K

Deoptimization events (10 events):
Event: 4.586 Thread 0x00007f58c800b800 Uncommon trap: reason=unstable_if action=reinterpret pc=0x00007f58b91d489c method=sun.nio.cs.UTF_8$Decoder.decode([BII[C)I @ 30
Event: 4.586 Thread 0x00007f58c800b800 Uncommon trap: reason=unstable_if action=reinterpret pc=0x00007f58b92a0958 method=sun.nio.cs.UTF_8$Decoder.decodeArrayLoop(Ljava/nio/ByteBuffer;Ljava/nio/CharBuffer;)Ljava/nio/charset/CoderResult; @ 84
Event: 5.112 Thread 0x00007f58c800b800 Uncommon trap: reason=unstable_if action=reinterpret pc=0x00007f58b93964e0 method=java.util.HashMap.hash(Ljava/lang/Object;)I @ 1
Event: 5.113 Thread 0x00007f58c800b800 Uncommon trap: reason=unstable_if action=reinterpret pc=0x00007f58b93299e8 method=java.util.HashMap.hash(Ljava/lang/Object;)I @ 1
Event: 5.117 Thread 0x00007f58c800b800 Uncommon trap: reason=unstable_if action=reinterpret pc=0x00007f58b93ee400 method=java.util.HashMap.hash(Ljava/lang/Object;)I @ 1
Event: 6.149 Thread 0x00007f58c800b800 Uncommon trap: reason=unstable_if action=reinterpret pc=0x00007f58b936ce94 method=java.util.HashMap.getNode(ILjava/lang/Object;)Ljava/util/HashMap$Node; @ 53
Event: 9.176 Thread 0x00007f58c800b800 Uncommon trap: reason=null_check action=make_not_entrant pc=0x00007f58b97b9408 method=org.apache.maven.model.io.xpp3.MavenXpp3Reader.checkFieldWithDuplicate(Lorg/codehaus/plexus/util/xml/pull/XmlPullParser;Ljava/lang/String;Ljava/lang/String;Ljava/util/Se
Event: 10.382 Thread 0x00007f58c800b800 Uncommon trap: reason=unstable_if action=reinterpret pc=0x00007f58b988d554 method=org.codehaus.plexus.classworlds.realm.Entry.matches(Ljava/lang/String;)Z @ 20
Event: 10.553 Thread 0x00007f58c800b800 Uncommon trap: reason=unstable_if action=reinterpret pc=0x00007f58b92e5028 method=sun.net.www.ParseUtil.encodePath(Ljava/lang/String;Z)Ljava/lang/String; @ 109
Event: 11.287 Thread 0x00007f58c800b800 Uncommon trap: reason=predicate action=maybe_recompile pc=0x00007f58b98795bc method=java.lang.String.regionMatches(ZILjava/lang/String;II)Z @ 63

Classes redefined (0 events):
No events

Internal exceptions (10 events):
Event: 3.938 Thread 0x00007f58c800b800 Exception <a 'java/lang/NullPointerException'> (0x00000000ed36c5a0) thrown at [/HUDSON/workspace/8-2-build-linux-amd64/jdk8u172/10810/hotspot/src/share/vm/interpreter/linkResolver.cpp, line 1185]
Event: 3.938 Thread 0x00007f58c800b800 Exception <a 'java/lang/NullPointerException'> (0x00000000ed36c7b8) thrown at [/HUDSON/workspace/8-2-build-linux-amd64/jdk8u172/10810/hotspot/src/share/vm/interpreter/linkResolver.cpp, line 1185]
Event: 5.112 Thread 0x00007f58c800b800 Implicit null exception at 0x00007f58b93962f5 to 0x00007f58b93964d1
Event: 5.113 Thread 0x00007f58c800b800 Implicit null exception at 0x00007f58b932996f to 0x00007f58b93299d9
Event: 5.117 Thread 0x00007f58c800b800 Implicit null exception at 0x00007f58b93eddfb to 0x00007f58b93ee3e5
Event: 9.175 Thread 0x00007f58c800b800 Implicit null exception at 0x00007f58b97b9137 to 0x00007f58b97b93ed
Event: 11.121 Thread 0x00007f58c800b800 Exception <a 'java/lang/NoSuchFieldError': method resolution failed> (0x00000000ef546988) thrown at [/HUDSON/workspace/8-2-build-linux-amd64/jdk8u172/10810/hotspot/src/share/vm/prims/methodHandles.cpp, line 1167]
Event: 11.149 Thread 0x00007f58c800b800 Exception <a 'java/lang/NoSuchFieldError': method resolution failed> (0x00000000ef5547e8) thrown at [/HUDSON/workspace/8-2-build-linux-amd64/jdk8u172/10810/hotspot/src/share/vm/prims/methodHandles.cpp, line 1167]
Event: 12.007 Thread 0x00007f58c800b800 Exception <a 'java/io/FileNotFoundException'> (0x00000000ef5ce430) thrown at [/HUDSON/workspace/8-2-build-linux-amd64/jdk8u172/10810/hotspot/src/share/vm/prims/jni.cpp, line 709]
Event: 12.027 Thread 0x00007f58c800b800 Exception <a 'java/io/FileNotFoundException'> (0x00000000ef5cf268) thrown at [/HUDSON/workspace/8-2-build-linux-amd64/jdk8u172/10810/hotspot/src/share/vm/prims/jni.cpp, line 709]

Events (10 events):
Event: 24.788 loading class org/codehaus/plexus/interpolation/util/StringUtils done
Event: 24.819 loading class org/apache/maven/plugin/war/util/WarUtils
Event: 24.819 loading class org/apache/maven/plugin/war/util/WarUtils done
Event: 24.819 loading class org/apache/maven/plugin/war/util/WarUtils
Event: 24.819 loading class org/apache/maven/plugin/war/util/WarUtils done
Event: 24.819 loading class org/apache/maven/plugin/war/util/WarUtils
Event: 24.819 loading class org/apache/maven/plugin/war/util/WarUtils done
Event: 24.819 loading class org/apache/maven/plugin/war/util/WarUtils
Event: 24.819 loading class org/apache/maven/plugin/war/util/WarUtils done
Event: 32.744 Executing VM operation: ParallelGCFailedAllocation


Dynamic libraries:
00400000-00401000 r-xp 00000000 08:01 4723436                            /usr/local/jdk1.8.0_172/bin/java
00600000-00601000 rw-p 00000000 08:01 4723436                            /usr/local/jdk1.8.0_172/bin/java
014bf000-014e0000 rw-p 00000000 00:00 0                                  [heap]
c5600000-c7e00000 rw-p 00000000 00:00 0 
c7e00000-ec780000 ---p 00000000 00:00 0 
ec780000-f1180000 rw-p 00000000 00:00 0 
f5180000-100000000 ---p 00000000 00:00 0 
100000000-1002a0000 rw-p 00000000 00:00 0 
1002a0000-140000000 ---p 00000000 00:00 0 
7f587e323000-7f587e336000 r-xp 00000000 08:01 1315479                    /lib/x86_64-linux-gnu/libbsd.so.0.8.7
7f587e336000-7f587e535000 ---p 00013000 08:01 1315479                    /lib/x86_64-linux-gnu/libbsd.so.0.8.7
7f587e535000-7f587e536000 r--p 00012000 08:01 1315479                    /lib/x86_64-linux-gnu/libbsd.so.0.8.7
7f587e536000-7f587e537000 rw-p 00013000 08:01 1315479                    /lib/x86_64-linux-gnu/libbsd.so.0.8.7
7f587e537000-7f587e538000 rw-p 00000000 00:00 0 
7f587e538000-7f587e53d000 r-xp 00000000 08:01 8789556                    /usr/lib/x86_64-linux-gnu/libXdmcp.so.6.0.0
7f587e53d000-7f587e73c000 ---p 00005000 08:01 8789556                    /usr/lib/x86_64-linux-gnu/libXdmcp.so.6.0.0
7f587e73c000-7f587e73d000 r--p 00004000 08:01 8789556                    /usr/lib/x86_64-linux-gnu/libXdmcp.so.6.0.0
7f587e73d000-7f587e73e000 rw-p 00005000 08:01 8789556                    /usr/lib/x86_64-linux-gnu/libXdmcp.so.6.0.0
7f587e73e000-7f587e740000 r-xp 00000000 08:01 8789545                    /usr/lib/x86_64-linux-gnu/libXau.so.6.0.0
7f587e740000-7f587e940000 ---p 00002000 08:01 8789545                    /usr/lib/x86_64-linux-gnu/libXau.so.6.0.0
7f587e940000-7f587e941000 r--p 00002000 08:01 8789545                    /usr/lib/x86_64-linux-gnu/libXau.so.6.0.0
7f587e941000-7f587e942000 rw-p 00003000 08:01 8789545                    /usr/lib/x86_64-linux-gnu/libXau.so.6.0.0
7f587e942000-7f587e968000 r-xp 00000000 08:01 8790710                    /usr/lib/x86_64-linux-gnu/libxcb.so.1.1.0
7f587e968000-7f587eb68000 ---p 00026000 08:01 8790710                    /usr/lib/x86_64-linux-gnu/libxcb.so.1.1.0
7f587eb68000-7f587eb69000 r--p 00026000 08:01 8790710                    /usr/lib/x86_64-linux-gnu/libxcb.so.1.1.0
7f587eb69000-7f587eb6a000 rw-p 00027000 08:01 8790710                    /usr/lib/x86_64-linux-gnu/libxcb.so.1.1.0
7f587eb6a000-7f587eb79000 r-xp 00000000 08:01 8789566                    /usr/lib/x86_64-linux-gnu/libXi.so.6.1.0
7f587eb79000-7f587ed78000 ---p 0000f000 08:01 8789566                    /usr/lib/x86_64-linux-gnu/libXi.so.6.1.0
7f587ed78000-7f587ed79000 r--p 0000e000 08:01 8789566                    /usr/lib/x86_64-linux-gnu/libXi.so.6.1.0
7f587ed79000-7f587ed7a000 rw-p 0000f000 08:01 8789566                    /usr/lib/x86_64-linux-gnu/libXi.so.6.1.0
7f587ed7a000-7f587ed7f000 r-xp 00000000 08:01 8789584                    /usr/lib/x86_64-linux-gnu/libXtst.so.6.1.0
7f587ed7f000-7f587ef7e000 ---p 00005000 08:01 8789584                    /usr/lib/x86_64-linux-gnu/libXtst.so.6.1.0
7f587ef7e000-7f587ef7f000 r--p 00004000 08:01 8789584                    /usr/lib/x86_64-linux-gnu/libXtst.so.6.1.0
7f587ef7f000-7f587ef80000 rw-p 00005000 08:01 8789584                    /usr/lib/x86_64-linux-gnu/libXtst.so.6.1.0
7f587ef80000-7f587ef89000 r-xp 00000000 08:01 8789578                    /usr/lib/x86_64-linux-gnu/libXrender.so.1.3.0
7f587ef89000-7f587f188000 ---p 00009000 08:01 8789578                    /usr/lib/x86_64-linux-gnu/libXrender.so.1.3.0
7f587f188000-7f587f189000 r--p 00008000 08:01 8789578                    /usr/lib/x86_64-linux-gnu/libXrender.so.1.3.0
7f587f189000-7f587f18a000 rw-p 00009000 08:01 8789578                    /usr/lib/x86_64-linux-gnu/libXrender.so.1.3.0
7f587f18a000-7f587f2be000 r-xp 00000000 08:01 8789541                    /usr/lib/x86_64-linux-gnu/libX11.so.6.3.0
7f587f2be000-7f587f4be000 ---p 00134000 08:01 8789541                    /usr/lib/x86_64-linux-gnu/libX11.so.6.3.0
7f587f4be000-7f587f4bf000 r--p 00134000 08:01 8789541                    /usr/lib/x86_64-linux-gnu/libX11.so.6.3.0
7f587f4bf000-7f587f4c3000 rw-p 00135000 08:01 8789541                    /usr/lib/x86_64-linux-gnu/libX11.so.6.3.0
7f587f4c3000-7f587f4d4000 r-xp 00000000 08:01 8789558                    /usr/lib/x86_64-linux-gnu/libXext.so.6.4.0
7f587f4d4000-7f587f6d3000 ---p 00011000 08:01 8789558                    /usr/lib/x86_64-linux-gnu/libXext.so.6.4.0
7f587f6d3000-7f587f6d4000 r--p 00010000 08:01 8789558                    /usr/lib/x86_64-linux-gnu/libXext.so.6.4.0
7f587f6d4000-7f587f6d5000 rw-p 00011000 08:01 8789558                    /usr/lib/x86_64-linux-gnu/libXext.so.6.4.0
7f587f6d5000-7f587f729000 r-xp 00000000 08:01 4857918                    /usr/local/jdk1.8.0_172/jre/lib/amd64/libawt_xawt.so
7f587f729000-7f587f929000 ---p 00054000 08:01 4857918                    /usr/local/jdk1.8.0_172/jre/lib/amd64/libawt_xawt.so
7f587f929000-7f587f92d000 rw-p 00054000 08:01 4857918                    /usr/local/jdk1.8.0_172/jre/lib/amd64/libawt_xawt.so
7f587f92d000-7f587fa6e000 rw-p 00000000 00:00 0 
7f587fa6e000-7f587fb2e000 ---p 00000000 00:00 0 
7f587fb2e000-7f587fbd0000 r-xp 00000000 08:01 4857904                    /usr/local/jdk1.8.0_172/jre/lib/amd64/libawt.so
7f587fbd0000-7f587fdd0000 ---p 000a2000 08:01 4857904                    /usr/local/jdk1.8.0_172/jre/lib/amd64/libawt.so
7f587fdd0000-7f587fddc000 rw-p 000a2000 08:01 4857904                    /usr/local/jdk1.8.0_172/jre/lib/amd64/libawt.so
7f587fddc000-7f5880000000 rw-p 00000000 00:00 0 
7f5880000000-7f5880021000 rw-p 00000000 00:00 0 
7f5880021000-7f5884000000 ---p 00000000 00:00 0 
7f5884000000-7f5884021000 rw-p 00000000 00:00 0 
7f5884021000-7f5888000000 ---p 00000000 00:00 0 
7f5888000000-7f5889f8a000 rw-p 00000000 00:00 0 
7f5889f8a000-7f588c000000 ---p 00000000 00:00 0 
7f588c000000-7f588d3a5000 rw-p 00000000 00:00 0 
7f588d3a5000-7f5890000000 ---p 00000000 00:00 0 
7f5890000000-7f5890021000 rw-p 00000000 00:00 0 
7f5890021000-7f5894000000 ---p 00000000 00:00 0 
7f5894000000-7f5895e11000 rw-p 00000000 00:00 0 
7f5895e11000-7f5898000000 ---p 00000000 00:00 0 
7f5898000000-7f5898021000 rw-p 00000000 00:00 0 
7f5898021000-7f589c000000 ---p 00000000 00:00 0 
7f589c000000-7f589c021000 rw-p 00000000 00:00 0 
7f589c021000-7f58a0000000 ---p 00000000 00:00 0 
7f58a0000000-7f58a0032000 rw-p 00000000 00:00 0 
7f58a0032000-7f58a4000000 ---p 00000000 00:00 0 
7f58a4000000-7f58a4291000 rw-p 00000000 00:00 0 
7f58a4291000-7f58a8000000 ---p 00000000 00:00 0 
7f58a8000000-7f58a8021000 rw-p 00000000 00:00 0 
7f58a8021000-7f58ac000000 ---p 00000000 00:00 0 
7f58ac000000-7f58ac021000 rw-p 00000000 00:00 0 
7f58ac021000-7f58b0000000 ---p 00000000 00:00 0 
7f58b0000000-7f58b0021000 rw-p 00000000 00:00 0 
7f58b0021000-7f58b4000000 ---p 00000000 00:00 0 
7f58b40b2000-7f58b40b9000 r--s 00000000 08:01 9046707                    /usr/lib/x86_64-linux-gnu/gconv/gconv-modules.cache
7f58b40b9000-7f58b40dd000 r--p 00000000 08:01 10237584                   /usr/share/locale-langpack/es/LC_MESSAGES/libc.mo
7f58b40dd000-7f58b40df000 r--s 00007000 08:01 9703340                    /home/avbravo/.m2/repository/org/apache/maven/shared/maven-filtering/1.0-beta-2/maven-filtering-1.0-beta-2.jar
7f58b40df000-7f58b40e3000 r--s 00035000 08:01 8656352                    /home/avbravo/.m2/repository/org/codehaus/plexus/plexus-utils/3.0.8/plexus-utils-3.0.8.jar
7f58b40e3000-7f58b40e5000 r--s 00005000 08:01 9703339                    /home/avbravo/.m2/repository/xpp3/xpp3_min/1.1.4c/xpp3_min-1.1.4c.jar
7f58b40e5000-7f58b40e6000 r--s 00001000 08:01 9703336                    /home/avbravo/.m2/repository/xmlpull/xmlpull/1.1.3.1/xmlpull-1.1.3.1.jar
7f58b40e6000-7f58b40f2000 r--s 0006a000 08:01 9703333                    /home/avbravo/.m2/repository/com/thoughtworks/xstream/xstream/1.4.3/xstream-1.4.3.jar
7f58b40f2000-7f58b40f4000 r--s 0000d000 08:01 9703334                    /home/avbravo/.m2/repository/org/codehaus/plexus/plexus-interpolation/1.15/plexus-interpolation-1.15.jar
7f58b40f4000-7f58b40f9000 r--s 00029000 08:01 8652981                    /home/avbravo/.m2/repository/org/codehaus/plexus/plexus-archiver/2.2/plexus-archiver-2.2.jar
7f58b40f9000-7f58b40fc000 r--s 0000c000 08:01 9703330                    /home/avbravo/.m2/repository/org/codehaus/plexus/plexus-io/2.0.5/plexus-io-2.0.5.jar
7f58b40fc000-7f58b40fe000 r--s 00004000 08:01 9571202                    /home/avbravo/.m2/repository/org/apache/maven/maven-archiver/2.5/maven-archiver-2.5.jar
7f58b40fe000-7f58b4100000 r--s 00013000 08:01 8651880                    /home/avbravo/.m2/repository/org/apache/maven/plugins/maven-war-plugin/2.3/maven-war-plugin-2.3.jar
7f58b4100000-7f58b4103000 r--s 0001b000 08:01 8653310                    /home/avbravo/.m2/repository/junit/junit/3.8.2/junit-3.8.2.jar
7f58b4103000-7f58b4111000 r--s 0008f000 08:01 8653309                    /home/avbravo/.m2/repository/com/google/collections/google-collections/1.0/google-collections-1.0.jar
7f58b4111000-7f58b4112000 r--s 0000a000 08:01 8653305                    /home/avbravo/.m2/repository/commons-logging/commons-logging-api/1.1/commons-logging-api-1.1.jar
7f58b4112000-7f58b4119000 r--s 00051000 08:01 8653303                    /home/avbravo/.m2/repository/log4j/log4j/1.2.12/log4j-1.2.12.jar
7f58b4119000-7f58b411d000 r--s 0001d000 08:01 8653302                    /home/avbravo/.m2/repository/org/apache/xbean/xbean-reflect/3.4/xbean-reflect-3.4.jar
7f58b411d000-7f58b411e000 r--s 00004000 08:01 8653295                    /home/avbravo/.m2/repository/org/codehaus/plexus/plexus-compiler-javac/2.2/plexus-compiler-javac-2.2.jar
7f58b411e000-7f58b4120000 r--s 00000000 08:01 8653294                    /home/avbravo/.m2/repository/org/codehaus/plexus/plexus-compiler-manager/2.2/plexus-compiler-manager-2.2.jar
7f58b4120000-7f58b4122000 r--s 00005000 08:01 8653293                    /home/avbravo/.m2/repository/org/codehaus/plexus/plexus-compiler-api/2.2/plexus-compiler-api-2.2.jar
7f58b4122000-7f58b4124000 r--s 00000000 08:01 8653001                    /home/avbravo/.m2/repository/org/codehaus/plexus/plexus-component-annotations/1.5.5/plexus-component-annotations-1.5.5.jar
7f58b4124000-7f58b4126000 r--s 00002000 08:01 8653289                    /home/avbravo/.m2/repository/org/apache/maven/shared/maven-shared-incremental/1.1/maven-shared-incremental-1.1.jar
7f58b4126000-7f58b4128000 r--s 00006000 08:01 8653287                    /home/avbravo/.m2/repository/com/google/code/findbugs/jsr305/2.0.1/jsr305-2.0.1.jar
7f58b4128000-7f58b412b000 r--s 00023000 08:01 8653285                    /home/avbravo/.m2/repository/org/apache/maven/shared/maven-shared-utils/0.1/maven-shared-utils-0.1.jar
7f58b412b000-7f58b412f000 r--s 00030000 08:01 8653281                    /home/avbravo/.m2/repository/org/codehaus/plexus/plexus-utils/1.5.1/plexus-utils-1.5.1.jar
7f58b412f000-7f58b4131000 r--s 00009000 08:01 8651876                    /home/avbravo/.m2/repository/org/apache/maven/plugins/maven-compiler-plugin/3.1/maven-compiler-plugin-3.1.jar
7f58b4131000-7f58b4133000 r--s 0000d000 08:01 8653117                    /home/avbravo/.m2/repository/org/codehaus/plexus/plexus-interpolation/1.13/plexus-interpolation-1.13.jar
7f58b4133000-7f58b4134000 r--s 00001000 08:01 8653116                    /home/avbravo/.m2/repository/org/sonatype/plexus/plexus-build-api/0.0.4/plexus-build-api-0.0.4.jar
7f58b4134000-7f58b4136000 r--s 00009000 08:01 8653113                    /home/avbravo/.m2/repository/org/apache/maven/shared/maven-filtering/1.1/maven-filtering-1.1.jar
7f58b4136000-7f58b413a000 r--s 00033000 08:01 8653112                    /home/avbravo/.m2/repository/org/codehaus/plexus/plexus-utils/2.0.5/plexus-utils-2.0.5.jar
7f58b413a000-7f58b413d000 r--s 0001b000 08:01 8652992                    /home/avbravo/.m2/repository/junit/junit/3.8.1/junit-3.8.1.jar
7f58b413d000-7f58b413f000 r--s 00002000 08:01 8652930                    /home/avbravo/.m2/repository/org/codehaus/plexus/plexus-interactivity-api/1.0-alpha-4/plexus-interactivity-api-1.0-alpha-4.jar
7f58b413f000-7f58b4141000 r--s 00006000 08:01 8652926                    /home/avbravo/.m2/repository/commons-cli/commons-cli/1.0/commons-cli-1.0.jar
7f58b4141000-7f58b4142000 r--s 00001000 08:01 8653096                    /home/avbravo/.m2/repository/org/apache/maven/doxia/doxia-sink-api/1.0-alpha-7/doxia-sink-api-1.0-alpha-7.jar
7f58b4142000-7f58b4143000 r--s 00002000 08:01 8653093                    /home/avbravo/.m2/repository/org/apache/maven/reporting/maven-reporting-api/2.0.6/maven-reporting-api-2.0.6.jar
7f58b4143000-7f58b4145000 r--s 00006000 08:01 8651900                    /home/avbravo/.m2/repository/org/apache/maven/plugins/maven-resources-plugin/2.6/maven-resources-plugin-2.6.jar
7f58b4145000-7f58b4156000 r-xp 00000000 08:01 4857914                    /usr/local/jdk1.8.0_172/jre/lib/amd64/libnio.so
7f58b4156000-7f58b4355000 ---p 00011000 08:01 4857914                    /usr/local/jdk1.8.0_172/jre/lib/amd64/libnio.so
7f58b4355000-7f58b4356000 rw-p 00010000 08:01 4857914                    /usr/local/jdk1.8.0_172/jre/lib/amd64/libnio.so
7f58b4356000-7f58b436c000 r-xp 00000000 08:01 4857911                    /usr/local/jdk1.8.0_172/jre/lib/amd64/libnet.so
7f58b436c000-7f58b456c000 ---p 00016000 08:01 4857911                    /usr/local/jdk1.8.0_172/jre/lib/amd64/libnet.so
7f58b456c000-7f58b456d000 rw-p 00016000 08:01 4857911                    /usr/local/jdk1.8.0_172/jre/lib/amd64/libnet.so
7f58b456d000-7f58b476d000 rw-p 00000000 00:00 0 
7f58b476d000-7f58b4772000 r--s 0009d000 08:01 4857752                    /usr/local/jdk1.8.0_172/jre/lib/jsse.jar
7f58b4772000-7f58b4972000 rw-p 00000000 00:00 0 
7f58b4972000-7f58b4b72000 rw-p 00000000 00:00 0 
7f58b4b72000-7f58b4b74000 r--s 0000d000 08:01 5115357                    /home/avbravo/netbeans9.0/java/maven-nblib/netbeans-eventspy.jar
7f58b4b74000-7f58b4b7e000 r--s 00116000 08:01 4857763                    /usr/local/jdk1.8.0_172/jre/lib/ext/localedata.jar
7f58b4b7e000-7f58b4b80000 r--s 00006000 08:01 5115368                    /home/avbravo/netbeans9.0/java/maven/lib/aether-spi-1.0.2.v20150114.jar
7f58b4b80000-7f58b4b82000 r--s 00005000 08:01 5115370                    /home/avbravo/netbeans9.0/java/maven/lib/aether-transport-wagon-1.0.2.v20150114.jar
7f58b4b82000-7f58b4b83000 r--s 00002000 08:01 5115429                    /home/avbravo/netbeans9.0/java/maven/lib/wagon-file-2.10.jar
7f58b4b83000-7f58b4b84000 r--s 00002000 08:01 5115427                    /home/avbravo/netbeans9.0/java/maven/lib/slf4j-simple-1.7.5.jar
7f58b4b84000-7f58b4b8c000 r--s 00055000 08:01 5115414                    /home/avbravo/netbeans9.0/java/maven/lib/org.eclipse.sisu.inject-0.3.2.jar
7f58b4b8c000-7f58b4b8e000 r--s 00009000 08:01 5115411                    /home/avbravo/netbeans9.0/java/maven/lib/maven-settings-builder-3.3.9.jar
7f58b4b8e000-7f58b4b8f000 r--s 00003000 08:01 5115394                    /home/avbravo/netbeans9.0/java/maven/lib/maven-builder-support-3.3.9.jar
7f58b4b8f000-7f58b4b90000 r--s 00006000 08:01 5115422                    /home/avbravo/netbeans9.0/java/maven/lib/plexus-sec-dispatcher-1.3.jar
7f58b4b90000-7f58b4b96000 r--s 00042000 08:01 5115386                    /home/avbravo/netbeans9.0/java/maven/lib/jsoup-1.7.2.jar
7f58b4b96000-7f58b4b98000 r--s 00000000 08:01 5115420                    /home/avbravo/netbeans9.0/java/maven/lib/plexus-component-annotations-1.6.jar
7f58b4b98000-7f58b4b99000 r--s 00001000 08:01 5115388                    /home/avbravo/netbeans9.0/java/maven/lib/jsr250-api-1.0.jar
7f58b4b99000-7f58b4bc7000 r--s 001fa000 08:01 5115431                    /home/avbravo/netbeans9.0/java/maven/lib/wagon-http-2.10-shaded.jar
7f58b4bc7000-7f58b4bce000 r--s 00064000 08:01 5115380                    /home/avbravo/netbeans9.0/java/maven/lib/commons-lang3-3.4.jar
7f58b4bce000-7f58b4bd0000 r--s 0000c000 08:01 5115392                    /home/avbravo/netbeans9.0/java/maven/lib/maven-artifact-3.3.9.jar
7f58b4bd0000-7f58b4bd4000 r--s 00038000 08:01 5115424                    /home/avbravo/netbeans9.0/java/maven/lib/plexus-utils-3.0.22.jar
7f58b4bd4000-7f58b4bd5000 r--s 00002000 08:01 5115432                    /home/avbravo/netbeans9.0/java/maven/lib/wagon-http-shared-2.10.jar
7f58b4bd5000-7f58b4be2000 r--s 0008f000 08:01 5115398                    /home/avbravo/netbeans9.0/java/maven/lib/maven-core-3.3.9.jar
7f58b4be2000-7f58b4be3000 r--s 00000000 08:01 5115385                    /home/avbravo/netbeans9.0/java/maven/lib/javax.inject-1.jar
7f58b4be3000-7f58b4be5000 r--s 00009000 08:01 5115377                    /home/avbravo/netbeans9.0/java/maven/lib/commons-cli-1.2.jar
7f58b4be5000-7f58b4be9000 r--s 00027000 08:01 5115366                    /home/avbravo/netbeans9.0/java/maven/lib/aether-impl-1.0.2.v20150114.jar
7f58b4be9000-7f58b4beb000 r--s 00005000 08:01 5115425                    /home/avbravo/netbeans9.0/java/maven/lib/slf4j-api-1.7.5.jar
7f58b4beb000-7f58b4bf0000 r--s 00041000 08:01 5115379                    /home/avbravo/netbeans9.0/java/maven/lib/commons-lang-2.6.jar
7f58b4bf0000-7f58b4bf3000 r--s 00013000 08:01 5115400                    /home/avbravo/netbeans9.0/java/maven/lib/maven-embedder-3.3.9.jar
7f58b4bf3000-7f58b4bf9000 r--s 00041000 08:01 5115396                    /home/avbravo/netbeans9.0/java/maven/lib/maven-compat-3.3.9.jar
7f58b4bf9000-7f58b4bfc000 r--s 0000b000 08:01 5115435                    /home/avbravo/netbeans9.0/java/maven/lib/wagon-provider-api-2.10.jar
7f58b4bfc000-7f58b4c27000 r--s 001fc000 08:01 5115383                    /home/avbravo/netbeans9.0/java/maven/lib/guava-18.0.jar
7f58b4c27000-7f58b4c29000 r--s 00000000 08:01 5115374                    /home/avbravo/netbeans9.0/java/maven/lib/aopalliance-1.0.jar
7f58b4c29000-7f58b4c2a000 r--s 00006000 08:01 5115408                    /home/avbravo/netbeans9.0/java/maven/lib/maven-repository-metadata-3.3.9.jar
7f58b4c2a000-7f58b4c2f000 r--s 00027000 08:01 5115403                    /home/avbravo/netbeans9.0/java/maven/lib/maven-model-builder-3.3.9.jar
7f58b4c2f000-7f58b4c31000 r--s 0000f000 08:01 5115390                    /home/avbravo/netbeans9.0/java/maven/lib/maven-aether-provider-3.3.9.jar
7f58b4c31000-7f58b4c36000 r--s 0001d000 08:01 5115362                    /home/avbravo/netbeans9.0/java/maven/lib/aether-api-1.0.2.v20150114.jar
7f58b4c36000-7f58b4c3a000 r--s 00020000 08:01 5115372                    /home/avbravo/netbeans9.0/java/maven/lib/aether-util-1.0.2.v20150114.jar
7f58b4c3a000-7f58b4c43000 r--s 0005f000 08:01 5115384                    /home/avbravo/netbeans9.0/java/maven/lib/guice-4.0-no_aop.jar
7f58b4c43000-7f58b4c49000 r--s 0002d000 08:01 5115416                    /home/avbravo/netbeans9.0/java/maven/lib/org.eclipse.sisu.plexus-0.3.2.jar
7f58b4c49000-7f58b4c4a000 ---p 00000000 00:00 0 
7f58b4c4a000-7f58b4d4a000 rw-p 00000000 00:00 0 
7f58b4d4a000-7f58b4d4d000 ---p 00000000 00:00 0 
7f58b4d4d000-7f58b4e4b000 rw-p 00000000 00:00 0 
7f58b4e4b000-7f58b4e4c000 ---p 00000000 00:00 0 
7f58b4e4c000-7f58b4e4f000 ---p 00000000 00:00 0 
7f58b4e4f000-7f58b4f4c000 rw-p 00000000 00:00 0 
7f58b4f4c000-7f58b4f4d000 ---p 00000000 00:00 0 
7f58b4f4d000-7f58b4f50000 ---p 00000000 00:00 0 
7f58b4f50000-7f58b504d000 rw-p 00000000 00:00 0 
7f58b504d000-7f58b504e000 ---p 00000000 00:00 0 
7f58b504e000-7f58b5051000 ---p 00000000 00:00 0 
7f58b5051000-7f58b514e000 rw-p 00000000 00:00 0 
7f58b514e000-7f58b5151000 ---p 00000000 00:00 0 
7f58b5151000-7f58b524f000 rw-p 00000000 00:00 0 
7f58b524f000-7f58b5c1e000 r--p 00000000 08:01 8788505                    /usr/lib/locale/locale-archive
7f58b5c1e000-7f58b5c21000 ---p 00000000 00:00 0 
7f58b5c21000-7f58b5d1f000 rw-p 00000000 00:00 0 
7f58b5d1f000-7f58b5d22000 ---p 00000000 00:00 0 
7f58b5d22000-7f58b5e20000 rw-p 00000000 00:00 0 
7f58b5e20000-7f58b5e21000 ---p 00000000 00:00 0 
7f58b5e21000-7f58b9000000 rw-p 00000000 00:00 0 
7f58b9000000-7f58b9900000 rwxp 00000000 00:00 0 
7f58b9900000-7f58c8000000 ---p 00000000 00:00 0 
7f58c8000000-7f58c8d2b000 rw-p 00000000 00:00 0 
7f58c8d2b000-7f58cc000000 ---p 00000000 00:00 0 
7f58cc000000-7f58cc001000 r--s 00008000 08:01 5115364                    /home/avbravo/netbeans9.0/java/maven/lib/aether-connector-basic-1.0.2.v20150114.jar
7f58cc001000-7f58cc003000 r--s 0000a000 08:01 5115406                    /home/avbravo/netbeans9.0/java/maven/lib/maven-plugin-api-3.3.9.jar
7f58cc003000-7f58cc006000 r--s 0000d000 08:01 5115421                    /home/avbravo/netbeans9.0/java/maven/lib/plexus-interpolation-1.21.jar
7f58cc006000-7f58cc009000 r--s 00026000 08:01 5115402                    /home/avbravo/netbeans9.0/java/maven/lib/maven-model-3.3.9.jar
7f58cc009000-7f58cc42e000 rw-p 00000000 00:00 0 
7f58cc42e000-7f58cc608000 r--s 03d6a000 08:01 4857695                    /usr/local/jdk1.8.0_172/jre/lib/rt.jar
7f58cc608000-7f58cc853000 rw-p 00000000 00:00 0 
7f58cc853000-7f58cc854000 ---p 00000000 00:00 0 
7f58cc854000-7f58cc954000 rw-p 00000000 00:00 0 
7f58cc954000-7f58cc955000 ---p 00000000 00:00 0 
7f58cc955000-7f58cca55000 rw-p 00000000 00:00 0 
7f58cca55000-7f58cca56000 ---p 00000000 00:00 0 
7f58cca56000-7f58ccb56000 rw-p 00000000 00:00 0 
7f58ccb56000-7f58ccb57000 ---p 00000000 00:00 0 
7f58ccb57000-7f58ccc6b000 rw-p 00000000 00:00 0 
7f58ccc6b000-7f58ccd90000 ---p 00000000 00:00 0 
7f58ccd90000-7f58ccda4000 rw-p 00000000 00:00 0 
7f58ccda4000-7f58ccec8000 ---p 00000000 00:00 0 
7f58ccec8000-7f58cceee000 rw-p 00000000 00:00 0 
7f58cceee000-7f58ccf65000 ---p 00000000 00:00 0 
7f58ccf65000-7f58ccf8a000 rw-p 00000000 00:00 0 
7f58ccf8a000-7f58cd326000 ---p 00000000 00:00 0 
7f58cd326000-7f58cd341000 r-xp 00000000 08:01 4857907                    /usr/local/jdk1.8.0_172/jre/lib/amd64/libzip.so
7f58cd341000-7f58cd541000 ---p 0001b000 08:01 4857907                    /usr/local/jdk1.8.0_172/jre/lib/amd64/libzip.so
7f58cd541000-7f58cd542000 rw-p 0001b000 08:01 4857907                    /usr/local/jdk1.8.0_172/jre/lib/amd64/libzip.so
7f58cd542000-7f58cd54d000 r-xp 00000000 08:01 1315573                    /lib/x86_64-linux-gnu/libnss_files-2.27.so
7f58cd54d000-7f58cd74c000 ---p 0000b000 08:01 1315573                    /lib/x86_64-linux-gnu/libnss_files-2.27.so
7f58cd74c000-7f58cd74d000 r--p 0000a000 08:01 1315573                    /lib/x86_64-linux-gnu/libnss_files-2.27.so
7f58cd74d000-7f58cd74e000 rw-p 0000b000 08:01 1315573                    /lib/x86_64-linux-gnu/libnss_files-2.27.so
7f58cd74e000-7f58cd754000 rw-p 00000000 00:00 0 
7f58cd754000-7f58cd76b000 r-xp 00000000 08:01 1315567                    /lib/x86_64-linux-gnu/libnsl-2.27.so
7f58cd76b000-7f58cd96a000 ---p 00017000 08:01 1315567                    /lib/x86_64-linux-gnu/libnsl-2.27.so
7f58cd96a000-7f58cd96b000 r--p 00016000 08:01 1315567                    /lib/x86_64-linux-gnu/libnsl-2.27.so
7f58cd96b000-7f58cd96c000 rw-p 00017000 08:01 1315567                    /lib/x86_64-linux-gnu/libnsl-2.27.so
7f58cd96c000-7f58cd96e000 rw-p 00000000 00:00 0 
7f58cd96e000-7f58cd979000 r-xp 00000000 08:01 1315584                    /lib/x86_64-linux-gnu/libnss_nis-2.27.so
7f58cd979000-7f58cdb78000 ---p 0000b000 08:01 1315584                    /lib/x86_64-linux-gnu/libnss_nis-2.27.so
7f58cdb78000-7f58cdb79000 r--p 0000a000 08:01 1315584                    /lib/x86_64-linux-gnu/libnss_nis-2.27.so
7f58cdb79000-7f58cdb7a000 rw-p 0000b000 08:01 1315584                    /lib/x86_64-linux-gnu/libnss_nis-2.27.so
7f58cdb7a000-7f58cdb82000 r-xp 00000000 08:01 1315569                    /lib/x86_64-linux-gnu/libnss_compat-2.27.so
7f58cdb82000-7f58cdd82000 ---p 00008000 08:01 1315569                    /lib/x86_64-linux-gnu/libnss_compat-2.27.so
7f58cdd82000-7f58cdd83000 r--p 00008000 08:01 1315569                    /lib/x86_64-linux-gnu/libnss_compat-2.27.so
7f58cdd83000-7f58cdd84000 rw-p 00009000 08:01 1315569                    /lib/x86_64-linux-gnu/libnss_compat-2.27.so
7f58cdd84000-7f58cddaf000 r-xp 00000000 08:01 4857901                    /usr/local/jdk1.8.0_172/jre/lib/amd64/libjava.so
7f58cddaf000-7f58cdfae000 ---p 0002b000 08:01 4857901                    /usr/local/jdk1.8.0_172/jre/lib/amd64/libjava.so
7f58cdfae000-7f58cdfb0000 rw-p 0002a000 08:01 4857901                    /usr/local/jdk1.8.0_172/jre/lib/amd64/libjava.so
7f58cdfb0000-7f58cdfbd000 r-xp 00000000 08:01 4857906                    /usr/local/jdk1.8.0_172/jre/lib/amd64/libverify.so
7f58cdfbd000-7f58ce1bd000 ---p 0000d000 08:01 4857906                    /usr/local/jdk1.8.0_172/jre/lib/amd64/libverify.so
7f58ce1bd000-7f58ce1bf000 rw-p 0000d000 08:01 4857906                    /usr/local/jdk1.8.0_172/jre/lib/amd64/libverify.so
7f58ce1bf000-7f58ce1c6000 r-xp 00000000 08:01 1315624                    /lib/x86_64-linux-gnu/librt-2.27.so
7f58ce1c6000-7f58ce3c5000 ---p 00007000 08:01 1315624                    /lib/x86_64-linux-gnu/librt-2.27.so
7f58ce3c5000-7f58ce3c6000 r--p 00006000 08:01 1315624                    /lib/x86_64-linux-gnu/librt-2.27.so
7f58ce3c6000-7f58ce3c7000 rw-p 00007000 08:01 1315624                    /lib/x86_64-linux-gnu/librt-2.27.so
7f58ce3c7000-7f58ce564000 r-xp 00000000 08:01 1315546                    /lib/x86_64-linux-gnu/libm-2.27.so
7f58ce564000-7f58ce763000 ---p 0019d000 08:01 1315546                    /lib/x86_64-linux-gnu/libm-2.27.so
7f58ce763000-7f58ce764000 r--p 0019c000 08:01 1315546                    /lib/x86_64-linux-gnu/libm-2.27.so
7f58ce764000-7f58ce765000 rw-p 0019d000 08:01 1315546                    /lib/x86_64-linux-gnu/libm-2.27.so
7f58ce765000-7f58cf441000 r-xp 00000000 08:01 4857883                    /usr/local/jdk1.8.0_172/jre/lib/amd64/server/libjvm.so
7f58cf441000-7f58cf641000 ---p 00cdc000 08:01 4857883                    /usr/local/jdk1.8.0_172/jre/lib/amd64/server/libjvm.so
7f58cf641000-7f58cf71b000 rw-p 00cdc000 08:01 4857883                    /usr/local/jdk1.8.0_172/jre/lib/amd64/server/libjvm.so
7f58cf71b000-7f58cf766000 rw-p 00000000 00:00 0 
7f58cf766000-7f58cf94d000 r-xp 00000000 08:01 1315483                    /lib/x86_64-linux-gnu/libc-2.27.so
7f58cf94d000-7f58cfb4d000 ---p 001e7000 08:01 1315483                    /lib/x86_64-linux-gnu/libc-2.27.so
7f58cfb4d000-7f58cfb51000 r--p 001e7000 08:01 1315483                    /lib/x86_64-linux-gnu/libc-2.27.so
7f58cfb51000-7f58cfb53000 rw-p 001eb000 08:01 1315483                    /lib/x86_64-linux-gnu/libc-2.27.so
7f58cfb53000-7f58cfb57000 rw-p 00000000 00:00 0 
7f58cfb57000-7f58cfb5a000 r-xp 00000000 08:01 1315506                    /lib/x86_64-linux-gnu/libdl-2.27.so
7f58cfb5a000-7f58cfd59000 ---p 00003000 08:01 1315506                    /lib/x86_64-linux-gnu/libdl-2.27.so
7f58cfd59000-7f58cfd5a000 r--p 00002000 08:01 1315506                    /lib/x86_64-linux-gnu/libdl-2.27.so
7f58cfd5a000-7f58cfd5b000 rw-p 00003000 08:01 1315506                    /lib/x86_64-linux-gnu/libdl-2.27.so
7f58cfd5b000-7f58cfd71000 r-xp 00000000 08:01 4857525                    /usr/local/jdk1.8.0_172/lib/amd64/jli/libjli.so
7f58cfd71000-7f58cff70000 ---p 00016000 08:01 4857525                    /usr/local/jdk1.8.0_172/lib/amd64/jli/libjli.so
7f58cff70000-7f58cff71000 rw-p 00015000 08:01 4857525                    /usr/local/jdk1.8.0_172/lib/amd64/jli/libjli.so
7f58cff71000-7f58cff8b000 r-xp 00000000 08:01 1315616                    /lib/x86_64-linux-gnu/libpthread-2.27.so
7f58cff8b000-7f58d018a000 ---p 0001a000 08:01 1315616                    /lib/x86_64-linux-gnu/libpthread-2.27.so
7f58d018a000-7f58d018b000 r--p 00019000 08:01 1315616                    /lib/x86_64-linux-gnu/libpthread-2.27.so
7f58d018b000-7f58d018c000 rw-p 0001a000 08:01 1315616                    /lib/x86_64-linux-gnu/libpthread-2.27.so
7f58d018c000-7f58d0190000 rw-p 00000000 00:00 0 
7f58d0190000-7f58d01b7000 r-xp 00000000 08:01 1315455                    /lib/x86_64-linux-gnu/ld-2.27.so
7f58d01b7000-7f58d01b9000 r--s 00002000 08:01 5115418                    /home/avbravo/netbeans9.0/java/maven/lib/plexus-cipher-1.7.jar
7f58d01b9000-7f58d01bc000 r--s 00008000 08:01 5115375                    /home/avbravo/netbeans9.0/java/maven/lib/cdi-api-1.0.jar
7f58d01bc000-7f58d02a1000 rw-p 00000000 00:00 0 
7f58d02a1000-7f58d02a2000 ---p 00000000 00:00 0 
7f58d02a2000-7f58d02a5000 ---p 00000000 00:00 0 
7f58d02a5000-7f58d03a6000 rw-p 00000000 00:00 0 
7f58d03a6000-7f58d03aa000 r--s 00027000 08:01 5115378                    /home/avbravo/netbeans9.0/java/maven/lib/commons-io-2.2.jar
7f58d03aa000-7f58d03ab000 r--s 0000a000 08:01 5115410                    /home/avbravo/netbeans9.0/java/maven/lib/maven-settings-3.3.9.jar
7f58d03ab000-7f58d03ad000 r--s 0000b000 08:01 5115358                    /home/avbravo/netbeans9.0/java/maven/boot/plexus-classworlds-2.5.2.jar
7f58d03ad000-7f58d03b5000 rw-s 00000000 08:01 5376846                    /tmp/hsperfdata_avbravo/7362
7f58d03b5000-7f58d03b6000 rw-p 00000000 00:00 0 
7f58d03b6000-7f58d03b7000 ---p 00000000 00:00 0 
7f58d03b7000-7f58d03b8000 r--p 00027000 08:01 1315455                    /lib/x86_64-linux-gnu/ld-2.27.so
7f58d03b8000-7f58d03b9000 rw-p 00028000 08:01 1315455                    /lib/x86_64-linux-gnu/ld-2.27.so
7f58d03b9000-7f58d03ba000 rw-p 00000000 00:00 0 
7ffc7bd8b000-7ffc7bdac000 rw-p 00000000 00:00 0                          [stack]
7ffc7bde5000-7ffc7bde8000 r--p 00000000 00:00 0                          [vvar]
7ffc7bde8000-7ffc7bdea000 r-xp 00000000 00:00 0                          [vdso]
ffffffffff600000-ffffffffff601000 r-xp 00000000 00:00 0                  [vsyscall]

VM Arguments:
jvm_args: -Dclassworlds.conf=/home/avbravo/netbeans9.0/java/maven/bin/m2.conf -Dmaven.home=/home/avbravo/netbeans9.0/java/maven -Dmaven.multiModuleProjectDirectory=/home/avbravo/NetBeansProjects/qr/foto 
java_command: org.codehaus.plexus.classworlds.launcher.Launcher -Dmaven.ext.class.path=/home/avbravo/netbeans9.0/java/maven-nblib/netbeans-eventspy.jar resources:resources compiler:compile war:exploded payara-micro:stop payara-micro:start
java_class_path (initial): /home/avbravo/netbeans9.0/java/maven/boot/plexus-classworlds-2.5.2.jar
Launcher Type: SUN_STANDARD

Environment Variables:
JAVA_HOME=/usr/local/jdk1.8.0_172
JRE_HOME=/usr/local/jdk1.8.0_172/jre
PATH=/usr/local/sbin:/usr/local/bin:/usr/sbin:/usr/bin:/sbin:/bin:/usr/games:/usr/local/games:/snap/bin:/usr/local/jdk1.8.0_172/bin:/home/avbravo/mongodb/bin
USERNAME=avbravo
SHELL=/bin/bash
DISPLAY=:0

Signal Handlers:
SIGSEGV: [libjvm.so+0xad2ab0], sa_mask[0]=11111111011111111101111111111110, sa_flags=SA_RESTART|SA_SIGINFO
SIGBUS: [libjvm.so+0xad2ab0], sa_mask[0]=11111111011111111101111111111110, sa_flags=SA_RESTART|SA_SIGINFO
SIGFPE: [libjvm.so+0x92a790], sa_mask[0]=11111111011111111101111111111110, sa_flags=SA_RESTART|SA_SIGINFO
SIGPIPE: [libjvm.so+0x92a790], sa_mask[0]=11111111011111111101111111111110, sa_flags=SA_RESTART|SA_SIGINFO
SIGXFSZ: [libjvm.so+0x92a790], sa_mask[0]=11111111011111111101111111111110, sa_flags=SA_RESTART|SA_SIGINFO
SIGILL: [libjvm.so+0x92a790], sa_mask[0]=11111111011111111101111111111110, sa_flags=SA_RESTART|SA_SIGINFO
SIGUSR1: SIG_DFL, sa_mask[0]=00000000000000000000000000000000, sa_flags=none
SIGUSR2: [libjvm.so+0x92bff0], sa_mask[0]=00100000000000000000000000000000, sa_flags=SA_RESTART|SA_SIGINFO
SIGHUP: [libjvm.so+0x92d3f0], sa_mask[0]=11111111011111111101111111111110, sa_flags=SA_RESTART|SA_SIGINFO
SIGINT: SIG_IGN, sa_mask[0]=00000000000000000000000000000000, sa_flags=none
SIGTERM: [libjvm.so+0x92d3f0], sa_mask[0]=11111111011111111101111111111110, sa_flags=SA_RESTART|SA_SIGINFO
SIGQUIT: [libjvm.so+0x92d3f0], sa_mask[0]=11111111011111111101111111111110, sa_flags=SA_RESTART|SA_SIGINFO


---------------  S Y S T E M  ---------------

OS:DISTRIB_ID=Ubuntu
DISTRIB_RELEASE=18.04
DISTRIB_CODENAME=bionic
DISTRIB_DESCRIPTION="Ubuntu 18.04.1 LTS"

uname:Linux 4.15.0-33-generic #36-Ubuntu SMP Wed Aug 15 16:00:05 UTC 2018 x86_64
libc:glibc 2.27 NPTL 2.27 
rlimit: STACK 8192k, CORE 0k, NPROC 14741, NOFILE 4096, AS infinity
load average:11.15 4.69 2.75

/proc/meminfo:
MemTotal:        3834476 kB
MemFree:           87796 kB
MemAvailable:          0 kB
Buffers:             324 kB
Cached:           234396 kB
SwapCached:          332 kB
Active:          2872268 kB
Inactive:         590196 kB
Active(anon):    2865460 kB
Inactive(anon):   573220 kB
Active(file):       6808 kB
Inactive(file):    16976 kB
Unevictable:         120 kB
Mlocked:             120 kB
SwapTotal:       2097148 kB
SwapFree:              0 kB
Dirty:                76 kB
Writeback:            16 kB
AnonPages:       3227772 kB
Mapped:            82492 kB
Shmem:            210884 kB
Slab:             105320 kB
SReclaimable:      40584 kB
SUnreclaim:        64736 kB
KernelStack:       20432 kB
PageTables:        94036 kB
NFS_Unstable:          0 kB
Bounce:                0 kB
WritebackTmp:          0 kB
CommitLimit:     4014384 kB
Committed_AS:   18800484 kB
VmallocTotal:   34359738367 kB
VmallocUsed:           0 kB
VmallocChunk:          0 kB
HardwareCorrupted:     0 kB
AnonHugePages:         0 kB
ShmemHugePages:        0 kB
ShmemPmdMapped:        0 kB
CmaTotal:              0 kB
CmaFree:               0 kB
HugePages_Total:       0
HugePages_Free:        0
HugePages_Rsvd:        0
HugePages_Surp:        0
Hugepagesize:       2048 kB
DirectMap4k:      241920 kB
DirectMap2M:     3745792 kB


CPU:total 4 (initial active 4) (2 cores per cpu, 2 threads per core) family 6 model 37 stepping 5, cmov, cx8, fxsr, mmx, sse, sse2, sse3, ssse3, sse4.1, sse4.2, popcnt, ht, tsc, tscinvbit

/proc/cpuinfo:
processor	: 0
vendor_id	: GenuineIntel
cpu family	: 6
model		: 37
model name	: Intel(R) Core(TM) i3 CPU       M 380  @ 2.53GHz
stepping	: 5
microcode	: 0x7
cpu MHz		: 2526.935
cache size	: 3072 KB
physical id	: 0
siblings	: 4
core id		: 0
cpu cores	: 2
apicid		: 0
initial apicid	: 0
fpu		: yes
fpu_exception	: yes
cpuid level	: 11
wp		: yes
flags		: fpu vme de pse tsc msr pae mce cx8 apic sep mtrr pge mca cmov pat pse36 clflush dts acpi mmx fxsr sse sse2 ss ht tm pbe syscall nx rdtscp lm constant_tsc arch_perfmon pebs bts rep_good nopl xtopology nonstop_tsc cpuid aperfmperf pni dtes64 monitor ds_cpl vmx est tm2 ssse3 cx16 xtpr pdcm pcid sse4_1 sse4_2 popcnt lahf_lm pti ssbd ibrs ibpb stibp tpr_shadow vnmi flexpriority ept vpid dtherm arat flush_l1d
bugs		: cpu_meltdown spectre_v1 spectre_v2 spec_store_bypass l1tf
bogomips	: 5053.87
clflush size	: 64
cache_alignment	: 64
address sizes	: 36 bits physical, 48 bits virtual
power management:

processor	: 1
vendor_id	: GenuineIntel
cpu family	: 6
model		: 37
model name	: Intel(R) Core(TM) i3 CPU       M 380  @ 2.53GHz
stepping	: 5
microcode	: 0x7
cpu MHz		: 2526.930
cache size	: 3072 KB
physical id	: 0
siblings	: 4
core id		: 0
cpu cores	: 2
apicid		: 1
initial apicid	: 1
fpu		: yes
fpu_exception	: yes
cpuid level	: 11
wp		: yes
flags		: fpu vme de pse tsc msr pae mce cx8 apic sep mtrr pge mca cmov pat pse36 clflush dts acpi mmx fxsr sse sse2 ss ht tm pbe syscall nx rdtscp lm constant_tsc arch_perfmon pebs bts rep_good nopl xtopology nonstop_tsc cpuid aperfmperf pni dtes64 monitor ds_cpl vmx est tm2 ssse3 cx16 xtpr pdcm pcid sse4_1 sse4_2 popcnt lahf_lm pti ssbd ibrs ibpb stibp tpr_shadow vnmi flexpriority ept vpid dtherm arat flush_l1d
bugs		: cpu_meltdown spectre_v1 spectre_v2 spec_store_bypass l1tf
bogomips	: 5053.87
clflush size	: 64
cache_alignment	: 64
address sizes	: 36 bits physical, 48 bits virtual
power management:

processor	: 2
vendor_id	: GenuineIntel
cpu family	: 6
model		: 37
model name	: Intel(R) Core(TM) i3 CPU       M 380  @ 2.53GHz
stepping	: 5
microcode	: 0x7
cpu MHz		: 2526.934
cache size	: 3072 KB
physical id	: 0
siblings	: 4
core id		: 2
cpu cores	: 2
apicid		: 4
initial apicid	: 4
fpu		: yes
fpu_exception	: yes
cpuid level	: 11
wp		: yes
flags		: fpu vme de pse tsc msr pae mce cx8 apic sep mtrr pge mca cmov pat pse36 clflush dts acpi mmx fxsr sse sse2 ss ht tm pbe syscall nx rdtscp lm constant_tsc arch_perfmon pebs bts rep_good nopl xtopology nonstop_tsc cpuid aperfmperf pni dtes64 monitor ds_cpl vmx est tm2 ssse3 cx16 xtpr pdcm pcid sse4_1 sse4_2 popcnt lahf_lm pti ssbd ibrs ibpb stibp tpr_shadow vnmi flexpriority ept vpid dtherm arat flush_l1d
bugs		: cpu_meltdown spectre_v1 spectre_v2 spec_store_bypass l1tf
bogomips	: 5053.87
clflush size	: 64
cache_alignment	: 64
address sizes	: 36 bits physical, 48 bits virtual
power management:

processor	: 3
vendor_id	: GenuineIntel
cpu family	: 6
model		: 37
model name	: Intel(R) Core(TM) i3 CPU       M 380  @ 2.53GHz
stepping	: 5
microcode	: 0x7
cpu MHz		: 2526.932
cache size	: 3072 KB
physical id	: 0
siblings	: 4
core id		: 2
cpu cores	: 2
apicid		: 5
initial apicid	: 5
fpu		: yes
fpu_exception	: yes
cpuid level	: 11
wp		: yes
flags		: fpu vme de pse tsc msr pae mce cx8 apic sep mtrr pge mca cmov pat pse36 clflush dts acpi mmx fxsr sse sse2 ss ht tm pbe syscall nx rdtscp lm constant_tsc arch_perfmon pebs bts rep_good nopl xtopology nonstop_tsc cpuid aperfmperf pni dtes64 monitor ds_cpl vmx est tm2 ssse3 cx16 xtpr pdcm pcid sse4_1 sse4_2 popcnt lahf_lm pti ssbd ibrs ibpb stibp tpr_shadow vnmi flexpriority ept vpid dtherm arat flush_l1d
bugs		: cpu_meltdown spectre_v1 spectre_v2 spec_store_bypass l1tf
bogomips	: 5053.87
clflush size	: 64
cache_alignment	: 64
address sizes	: 36 bits physical, 48 bits virtual
power management:



Memory: 4k page, physical 3834476k(89216k free), swap 2097148k(0k free)

vm_info: Java HotSpot(TM) 64-Bit Server VM (25.172-b11) for linux-amd64 JRE (1.8.0_172-b11), built on Mar 28 2018 21:44:09 by "java_re" with gcc 4.3.0 20080428 (Red Hat 4.3.0-8)

time: Thu Aug 30 09:41:51 2018
elapsed time: 33 seconds (0d 0h 0m 33s)

